{"/Users/spencermerrill/shapewebdev/backend/controllers/authController.js": {"path":"/Users/spencermerrill/shapewebdev/backend/controllers/authController.js","statementMap":{"0":{"start":{"line":1,"column":13},"end":{"line":1,"column":38}},"1":{"start":{"line":2,"column":15},"end":{"line":2,"column":34}},"2":{"start":{"line":3,"column":12},"end":{"line":3,"column":35}},"3":{"start":{"line":5,"column":0},"end":{"line":36,"column":2}},"4":{"start":{"line":6,"column":2},"end":{"line":35,"column":3}},"5":{"start":{"line":7,"column":32},"end":{"line":7,"column":40}},"6":{"start":{"line":10,"column":15},"end":{"line":10,"column":44}},"7":{"start":{"line":11,"column":4},"end":{"line":13,"column":5}},"8":{"start":{"line":12,"column":6},"end":{"line":12,"column":70}},"9":{"start":{"line":16,"column":17},"end":{"line":16,"column":41}},"10":{"start":{"line":17,"column":27},"end":{"line":17,"column":60}},"11":{"start":{"line":20,"column":4},"end":{"line":23,"column":7}},"12":{"start":{"line":25,"column":4},"end":{"line":25,"column":22}},"13":{"start":{"line":28,"column":18},"end":{"line":30,"column":6}},"14":{"start":{"line":32,"column":4},"end":{"line":32,"column":79}},"15":{"start":{"line":34,"column":4},"end":{"line":34,"column":54}},"16":{"start":{"line":38,"column":0},"end":{"line":63,"column":2}},"17":{"start":{"line":39,"column":2},"end":{"line":62,"column":3}},"18":{"start":{"line":40,"column":32},"end":{"line":40,"column":40}},"19":{"start":{"line":43,"column":17},"end":{"line":43,"column":46}},"20":{"start":{"line":44,"column":4},"end":{"line":46,"column":5}},"21":{"start":{"line":45,"column":6},"end":{"line":45,"column":70}},"22":{"start":{"line":49,"column":20},"end":{"line":49,"column":65}},"23":{"start":{"line":50,"column":4},"end":{"line":52,"column":5}},"24":{"start":{"line":51,"column":6},"end":{"line":51,"column":70}},"25":{"start":{"line":55,"column":18},"end":{"line":57,"column":6}},"26":{"start":{"line":59,"column":4},"end":{"line":59,"column":67}},"27":{"start":{"line":61,"column":4},"end":{"line":61,"column":54}}},"fnMap":{"0":{"name":"(anonymous_0)","decl":{"start":{"line":5,"column":19},"end":{"line":5,"column":20}},"loc":{"start":{"line":5,"column":39},"end":{"line":36,"column":1}},"line":5},"1":{"name":"(anonymous_1)","decl":{"start":{"line":38,"column":16},"end":{"line":38,"column":17}},"loc":{"start":{"line":38,"column":36},"end":{"line":63,"column":1}},"line":38}},"branchMap":{"0":{"loc":{"start":{"line":11,"column":4},"end":{"line":13,"column":5}},"type":"if","locations":[{"start":{"line":11,"column":4},"end":{"line":13,"column":5}},{"start":{},"end":{}}],"line":11},"1":{"loc":{"start":{"line":44,"column":4},"end":{"line":46,"column":5}},"type":"if","locations":[{"start":{"line":44,"column":4},"end":{"line":46,"column":5}},{"start":{},"end":{}}],"line":44},"2":{"loc":{"start":{"line":50,"column":4},"end":{"line":52,"column":5}},"type":"if","locations":[{"start":{"line":50,"column":4},"end":{"line":52,"column":5}},{"start":{},"end":{}}],"line":50}},"s":{"0":0,"1":0,"2":0,"3":0,"4":0,"5":0,"6":0,"7":0,"8":0,"9":0,"10":0,"11":0,"12":0,"13":0,"14":0,"15":0,"16":0,"17":0,"18":0,"19":0,"20":0,"21":0,"22":0,"23":0,"24":0,"25":0,"26":0,"27":0},"f":{"0":0,"1":0},"b":{"0":[0,0],"1":[0,0],"2":[0,0]}}
,"/Users/spencermerrill/shapewebdev/backend/controllers/generateController.js": {"path":"/Users/spencermerrill/shapewebdev/backend/controllers/generateController.js","statementMap":{"0":{"start":{"line":1,"column":21},"end":{"line":1,"column":49}},"1":{"start":{"line":4,"column":29},"end":{"line":36,"column":1}},"2":{"start":{"line":6,"column":2},"end":{"line":8,"column":3}},"3":{"start":{"line":7,"column":4},"end":{"line":7,"column":26}},"4":{"start":{"line":11,"column":21},"end":{"line":11,"column":93}},"5":{"start":{"line":12,"column":2},"end":{"line":18,"column":3}},"6":{"start":{"line":13,"column":4},"end":{"line":17,"column":6}},"7":{"start":{"line":21,"column":26},"end":{"line":21,"column":78}},"8":{"start":{"line":22,"column":2},"end":{"line":28,"column":3}},"9":{"start":{"line":23,"column":4},"end":{"line":27,"column":6}},"10":{"start":{"line":31,"column":2},"end":{"line":35,"column":4}},"11":{"start":{"line":38,"column":27},"end":{"line":155,"column":1}},"12":{"start":{"line":39,"column":2},"end":{"line":154,"column":3}},"13":{"start":{"line":40,"column":4},"end":{"line":44,"column":7}},"14":{"start":{"line":47,"column":4},"end":{"line":47,"column":55}},"15":{"start":{"line":48,"column":4},"end":{"line":48,"column":47}},"16":{"start":{"line":49,"column":4},"end":{"line":49,"column":46}},"17":{"start":{"line":50,"column":4},"end":{"line":50,"column":54}},"18":{"start":{"line":51,"column":4},"end":{"line":51,"column":23}},"19":{"start":{"line":52,"column":4},"end":{"line":52,"column":38}},"20":{"start":{"line":54,"column":44},"end":{"line":54,"column":52}},"21":{"start":{"line":57,"column":4},"end":{"line":57,"column":52}},"22":{"start":{"line":58,"column":19},"end":{"line":58,"column":62}},"23":{"start":{"line":59,"column":4},"end":{"line":59,"column":36}},"24":{"start":{"line":61,"column":26},"end":{"line":61,"column":30}},"25":{"start":{"line":64,"column":4},"end":{"line":124,"column":7}},"26":{"start":{"line":65,"column":6},"end":{"line":123,"column":7}},"27":{"start":{"line":66,"column":8},"end":{"line":70,"column":9}},"28":{"start":{"line":67,"column":10},"end":{"line":67,"column":55}},"29":{"start":{"line":68,"column":10},"end":{"line":68,"column":27}},"30":{"start":{"line":69,"column":10},"end":{"line":69,"column":17}},"31":{"start":{"line":73,"column":25},"end":{"line":73,"column":41}},"32":{"start":{"line":74,"column":8},"end":{"line":74,"column":47}},"33":{"start":{"line":77,"column":22},"end":{"line":77,"column":55}},"34":{"start":{"line":78,"column":8},"end":{"line":84,"column":9}},"35":{"start":{"line":80,"column":10},"end":{"line":80,"column":38}},"36":{"start":{"line":83,"column":10},"end":{"line":83,"column":38}},"37":{"start":{"line":86,"column":8},"end":{"line":86,"column":85}},"38":{"start":{"line":89,"column":8},"end":{"line":98,"column":9}},"39":{"start":{"line":90,"column":10},"end":{"line":90,"column":55}},"40":{"start":{"line":91,"column":10},"end":{"line":91,"column":42}},"41":{"start":{"line":92,"column":10},"end":{"line":92,"column":69}},"42":{"start":{"line":93,"column":15},"end":{"line":98,"column":9}},"43":{"start":{"line":94,"column":10},"end":{"line":94,"column":42}},"44":{"start":{"line":95,"column":15},"end":{"line":98,"column":9}},"45":{"start":{"line":96,"column":10},"end":{"line":96,"column":67}},"46":{"start":{"line":97,"column":10},"end":{"line":97,"column":33}},"47":{"start":{"line":101,"column":31},"end":{"line":101,"column":66}},"48":{"start":{"line":102,"column":8},"end":{"line":102,"column":57}},"49":{"start":{"line":103,"column":8},"end":{"line":103,"column":34}},"50":{"start":{"line":106,"column":8},"end":{"line":108,"column":9}},"51":{"start":{"line":107,"column":10},"end":{"line":107,"column":22}},"52":{"start":{"line":110,"column":8},"end":{"line":115,"column":11}},"53":{"start":{"line":116,"column":8},"end":{"line":121,"column":18}},"54":{"start":{"line":122,"column":8},"end":{"line":122,"column":25}},"55":{"start":{"line":127,"column":4},"end":{"line":132,"column":7}},"56":{"start":{"line":128,"column":6},"end":{"line":128,"column":39}},"57":{"start":{"line":129,"column":6},"end":{"line":131,"column":7}},"58":{"start":{"line":130,"column":8},"end":{"line":130,"column":18}},"59":{"start":{"line":135,"column":4},"end":{"line":141,"column":7}},"60":{"start":{"line":136,"column":6},"end":{"line":136,"column":43}},"61":{"start":{"line":137,"column":6},"end":{"line":137,"column":23}},"62":{"start":{"line":138,"column":6},"end":{"line":140,"column":7}},"63":{"start":{"line":139,"column":8},"end":{"line":139,"column":18}},"64":{"start":{"line":144,"column":4},"end":{"line":144,"column":38}},"65":{"start":{"line":145,"column":4},"end":{"line":153,"column":5}},"66":{"start":{"line":146,"column":6},"end":{"line":151,"column":16}},"67":{"start":{"line":152,"column":6},"end":{"line":152,"column":16}},"68":{"start":{"line":157,"column":0},"end":{"line":157,"column":36}}},"fnMap":{"0":{"name":"(anonymous_0)","decl":{"start":{"line":4,"column":29},"end":{"line":4,"column":30}},"loc":{"start":{"line":4,"column":65},"end":{"line":36,"column":1}},"line":4},"1":{"name":"(anonymous_1)","decl":{"start":{"line":38,"column":27},"end":{"line":38,"column":28}},"loc":{"start":{"line":38,"column":47},"end":{"line":155,"column":1}},"line":38},"2":{"name":"(anonymous_2)","decl":{"start":{"line":64,"column":22},"end":{"line":64,"column":23}},"loc":{"start":{"line":64,"column":33},"end":{"line":124,"column":5}},"line":64},"3":{"name":"(anonymous_3)","decl":{"start":{"line":127,"column":21},"end":{"line":127,"column":22}},"loc":{"start":{"line":127,"column":27},"end":{"line":132,"column":5}},"line":127},"4":{"name":"(anonymous_4)","decl":{"start":{"line":135,"column":20},"end":{"line":135,"column":21}},"loc":{"start":{"line":135,"column":26},"end":{"line":141,"column":5}},"line":135}},"branchMap":{"0":{"loc":{"start":{"line":4,"column":37},"end":{"line":4,"column":60}},"type":"default-arg","locations":[{"start":{"line":4,"column":56},"end":{"line":4,"column":60}}],"line":4},"1":{"loc":{"start":{"line":6,"column":2},"end":{"line":8,"column":3}},"type":"if","locations":[{"start":{"line":6,"column":2},"end":{"line":8,"column":3}},{"start":{},"end":{}}],"line":6},"2":{"loc":{"start":{"line":6,"column":6},"end":{"line":6,"column":90}},"type":"binary-expr","locations":[{"start":{"line":6,"column":6},"end":{"line":6,"column":35}},{"start":{"line":6,"column":39},"end":{"line":6,"column":90}}],"line":6},"3":{"loc":{"start":{"line":12,"column":2},"end":{"line":18,"column":3}},"type":"if","locations":[{"start":{"line":12,"column":2},"end":{"line":18,"column":3}},{"start":{},"end":{}}],"line":12},"4":{"loc":{"start":{"line":15,"column":16},"end":{"line":15,"column":39}},"type":"binary-expr","locations":[{"start":{"line":15,"column":16},"end":{"line":15,"column":29}},{"start":{"line":15,"column":33},"end":{"line":15,"column":39}}],"line":15},"5":{"loc":{"start":{"line":22,"column":2},"end":{"line":28,"column":3}},"type":"if","locations":[{"start":{"line":22,"column":2},"end":{"line":28,"column":3}},{"start":{},"end":{}}],"line":22},"6":{"loc":{"start":{"line":31,"column":9},"end":{"line":35,"column":3}},"type":"binary-expr","locations":[{"start":{"line":31,"column":9},"end":{"line":31,"column":25}},{"start":{"line":31,"column":29},"end":{"line":35,"column":3}}],"line":31},"7":{"loc":{"start":{"line":66,"column":8},"end":{"line":70,"column":9}},"type":"if","locations":[{"start":{"line":66,"column":8},"end":{"line":70,"column":9}},{"start":{},"end":{}}],"line":66},"8":{"loc":{"start":{"line":78,"column":8},"end":{"line":84,"column":9}},"type":"if","locations":[{"start":{"line":78,"column":8},"end":{"line":84,"column":9}},{"start":{"line":81,"column":15},"end":{"line":84,"column":9}}],"line":78},"9":{"loc":{"start":{"line":89,"column":8},"end":{"line":98,"column":9}},"type":"if","locations":[{"start":{"line":89,"column":8},"end":{"line":98,"column":9}},{"start":{"line":93,"column":15},"end":{"line":98,"column":9}}],"line":89},"10":{"loc":{"start":{"line":93,"column":15},"end":{"line":98,"column":9}},"type":"if","locations":[{"start":{"line":93,"column":15},"end":{"line":98,"column":9}},{"start":{"line":95,"column":15},"end":{"line":98,"column":9}}],"line":93},"11":{"loc":{"start":{"line":95,"column":15},"end":{"line":98,"column":9}},"type":"if","locations":[{"start":{"line":95,"column":15},"end":{"line":98,"column":9}},{"start":{},"end":{}}],"line":95},"12":{"loc":{"start":{"line":106,"column":8},"end":{"line":108,"column":9}},"type":"if","locations":[{"start":{"line":106,"column":8},"end":{"line":108,"column":9}},{"start":{},"end":{}}],"line":106},"13":{"loc":{"start":{"line":129,"column":6},"end":{"line":131,"column":7}},"type":"if","locations":[{"start":{"line":129,"column":6},"end":{"line":131,"column":7}},{"start":{},"end":{}}],"line":129},"14":{"loc":{"start":{"line":138,"column":6},"end":{"line":140,"column":7}},"type":"if","locations":[{"start":{"line":138,"column":6},"end":{"line":140,"column":7}},{"start":{},"end":{}}],"line":138},"15":{"loc":{"start":{"line":145,"column":4},"end":{"line":153,"column":5}},"type":"if","locations":[{"start":{"line":145,"column":4},"end":{"line":153,"column":5}},{"start":{},"end":{}}],"line":145},"16":{"loc":{"start":{"line":148,"column":14},"end":{"line":148,"column":46}},"type":"binary-expr","locations":[{"start":{"line":148,"column":14},"end":{"line":148,"column":24}},{"start":{"line":148,"column":28},"end":{"line":148,"column":46}}],"line":148},"17":{"loc":{"start":{"line":150,"column":19},"end":{"line":150,"column":43}},"type":"binary-expr","locations":[{"start":{"line":150,"column":19},"end":{"line":150,"column":34}},{"start":{"line":150,"column":38},"end":{"line":150,"column":43}}],"line":150}},"s":{"0":2,"1":2,"2":0,"3":0,"4":0,"5":0,"6":0,"7":0,"8":0,"9":0,"10":0,"11":2,"12":0,"13":0,"14":0,"15":0,"16":0,"17":0,"18":0,"19":0,"20":0,"21":0,"22":0,"23":0,"24":0,"25":0,"26":0,"27":0,"28":0,"29":0,"30":0,"31":0,"32":0,"33":0,"34":0,"35":0,"36":0,"37":0,"38":0,"39":0,"40":0,"41":0,"42":0,"43":0,"44":0,"45":0,"46":0,"47":0,"48":0,"49":0,"50":0,"51":0,"52":0,"53":0,"54":0,"55":0,"56":0,"57":0,"58":0,"59":0,"60":0,"61":0,"62":0,"63":0,"64":0,"65":0,"66":0,"67":0,"68":2},"f":{"0":0,"1":0,"2":0,"3":0,"4":0},"b":{"0":[0],"1":[0,0],"2":[0,0],"3":[0,0],"4":[0,0],"5":[0,0],"6":[0,0],"7":[0,0],"8":[0,0],"9":[0,0],"10":[0,0],"11":[0,0],"12":[0,0],"13":[0,0],"14":[0,0],"15":[0,0],"16":[0,0],"17":[0,0]},"_coverageSchema":"1a1c01bbd47fc00a2c39e90264f33305004495a9","hash":"6fb9251aa60cde3355e27de2e552508a3140c814"}
,"/Users/spencermerrill/shapewebdev/backend/controllers/projectsController.js": {"path":"/Users/spencermerrill/shapewebdev/backend/controllers/projectsController.js","statementMap":{"0":{"start":{"line":1,"column":16},"end":{"line":1,"column":44}},"1":{"start":{"line":2,"column":23},"end":{"line":2,"column":58}},"2":{"start":{"line":4,"column":0},"end":{"line":13,"column":2}},"3":{"start":{"line":5,"column":2},"end":{"line":12,"column":3}},"4":{"start":{"line":6,"column":21},"end":{"line":8,"column":30}},"5":{"start":{"line":9,"column":4},"end":{"line":9,"column":23}},"6":{"start":{"line":11,"column":4},"end":{"line":11,"column":54}},"7":{"start":{"line":15,"column":0},"end":{"line":38,"column":2}},"8":{"start":{"line":16,"column":2},"end":{"line":37,"column":3}},"9":{"start":{"line":17,"column":33},"end":{"line":17,"column":41}},"10":{"start":{"line":19,"column":20},"end":{"line":22,"column":6}},"11":{"start":{"line":24,"column":20},"end":{"line":28,"column":6}},"12":{"start":{"line":30,"column":4},"end":{"line":30,"column":25}},"13":{"start":{"line":31,"column":4},"end":{"line":31,"column":39}},"14":{"start":{"line":32,"column":4},"end":{"line":32,"column":25}},"15":{"start":{"line":34,"column":4},"end":{"line":34,"column":34}},"16":{"start":{"line":36,"column":4},"end":{"line":36,"column":54}},"17":{"start":{"line":40,"column":0},"end":{"line":55,"column":2}},"18":{"start":{"line":41,"column":2},"end":{"line":54,"column":3}},"19":{"start":{"line":42,"column":20},"end":{"line":45,"column":27}},"20":{"start":{"line":47,"column":4},"end":{"line":49,"column":5}},"21":{"start":{"line":48,"column":6},"end":{"line":48,"column":68}},"22":{"start":{"line":51,"column":4},"end":{"line":51,"column":22}},"23":{"start":{"line":53,"column":4},"end":{"line":53,"column":54}}},"fnMap":{"0":{"name":"(anonymous_0)","decl":{"start":{"line":4,"column":22},"end":{"line":4,"column":23}},"loc":{"start":{"line":4,"column":42},"end":{"line":13,"column":1}},"line":4},"1":{"name":"(anonymous_1)","decl":{"start":{"line":15,"column":24},"end":{"line":15,"column":25}},"loc":{"start":{"line":15,"column":44},"end":{"line":38,"column":1}},"line":15},"2":{"name":"(anonymous_2)","decl":{"start":{"line":40,"column":21},"end":{"line":40,"column":22}},"loc":{"start":{"line":40,"column":41},"end":{"line":55,"column":1}},"line":40}},"branchMap":{"0":{"loc":{"start":{"line":47,"column":4},"end":{"line":49,"column":5}},"type":"if","locations":[{"start":{"line":47,"column":4},"end":{"line":49,"column":5}},{"start":{},"end":{}}],"line":47}},"s":{"0":0,"1":0,"2":0,"3":0,"4":0,"5":0,"6":0,"7":0,"8":0,"9":0,"10":0,"11":0,"12":0,"13":0,"14":0,"15":0,"16":0,"17":0,"18":0,"19":0,"20":0,"21":0,"22":0,"23":0},"f":{"0":0,"1":0,"2":0},"b":{"0":[0,0]}}
,"/Users/spencermerrill/shapewebdev/backend/models/BetaSignup.js": {"path":"/Users/spencermerrill/shapewebdev/backend/models/BetaSignup.js","statementMap":{"0":{"start":{"line":1,"column":17},"end":{"line":1,"column":36}},"1":{"start":{"line":3,"column":25},"end":{"line":33,"column":2}},"2":{"start":{"line":35,"column":0},"end":{"line":35,"column":64}}},"fnMap":{},"branchMap":{},"s":{"0":0,"1":0,"2":0},"f":{},"b":{}}
,"/Users/spencermerrill/shapewebdev/backend/models/CachedComponent.js": {"path":"/Users/spencermerrill/shapewebdev/backend/models/CachedComponent.js","statementMap":{"0":{"start":{"line":1,"column":17},"end":{"line":1,"column":36}},"1":{"start":{"line":3,"column":30},"end":{"line":57,"column":2}},"2":{"start":{"line":60,"column":0},"end":{"line":60,"column":55}},"3":{"start":{"line":61,"column":0},"end":{"line":61,"column":55}},"4":{"start":{"line":63,"column":0},"end":{"line":63,"column":74}}},"fnMap":{},"branchMap":{},"s":{"0":2,"1":2,"2":2,"3":2,"4":2},"f":{},"b":{},"_coverageSchema":"1a1c01bbd47fc00a2c39e90264f33305004495a9","hash":"dd40e535b4af343aefd6b3c64f37c3d85de88003"}
,"/Users/spencermerrill/shapewebdev/backend/models/Project.js": {"path":"/Users/spencermerrill/shapewebdev/backend/models/Project.js","statementMap":{"0":{"start":{"line":1,"column":17},"end":{"line":1,"column":36}},"1":{"start":{"line":3,"column":22},"end":{"line":25,"column":2}},"2":{"start":{"line":27,"column":0},"end":{"line":27,"column":58}}},"fnMap":{},"branchMap":{},"s":{"0":0,"1":0,"2":0},"f":{},"b":{}}
,"/Users/spencermerrill/shapewebdev/backend/models/ProjectVersion.js": {"path":"/Users/spencermerrill/shapewebdev/backend/models/ProjectVersion.js","statementMap":{"0":{"start":{"line":1,"column":17},"end":{"line":1,"column":36}},"1":{"start":{"line":3,"column":29},"end":{"line":21,"column":2}},"2":{"start":{"line":23,"column":0},"end":{"line":23,"column":72}}},"fnMap":{},"branchMap":{},"s":{"0":0,"1":0,"2":0},"f":{},"b":{}}
,"/Users/spencermerrill/shapewebdev/backend/models/User.js": {"path":"/Users/spencermerrill/shapewebdev/backend/models/User.js","statementMap":{"0":{"start":{"line":1,"column":17},"end":{"line":1,"column":36}},"1":{"start":{"line":3,"column":19},"end":{"line":30,"column":2}},"2":{"start":{"line":32,"column":0},"end":{"line":32,"column":52}}},"fnMap":{},"branchMap":{},"s":{"0":0,"1":0,"2":0},"f":{},"b":{}}
,"/Users/spencermerrill/shapewebdev/backend/utils/aiClient.js": {"path":"/Users/spencermerrill/shapewebdev/backend/utils/aiClient.js","statementMap":{"0":{"start":{"line":1,"column":0},"end":{"line":1,"column":40}},"1":{"start":{"line":2,"column":22},"end":{"line":2,"column":50}},"2":{"start":{"line":3,"column":21},"end":{"line":3,"column":38}},"3":{"start":{"line":5,"column":21},"end":{"line":42,"column":74}},"4":{"start":{"line":5,"column":54},"end":{"line":42,"column":74}},"5":{"start":{"line":44,"column":18},"end":{"line":46,"column":1}},"6":{"start":{"line":45,"column":2},"end":{"line":45,"column":45}},"7":{"start":{"line":48,"column":17},"end":{"line":180,"column":1}},"8":{"start":{"line":49,"column":2},"end":{"line":179,"column":3}},"9":{"start":{"line":50,"column":4},"end":{"line":50,"column":81}},"10":{"start":{"line":52,"column":22},"end":{"line":54,"column":6}},"11":{"start":{"line":56,"column":4},"end":{"line":56,"column":48}},"12":{"start":{"line":57,"column":19},"end":{"line":65,"column":6}},"13":{"start":{"line":67,"column":25},"end":{"line":67,"column":52}},"14":{"start":{"line":68,"column":4},"end":{"line":68,"column":43}},"15":{"start":{"line":70,"column":27},"end":{"line":70,"column":31}},"16":{"start":{"line":71,"column":26},"end":{"line":71,"column":32}},"17":{"start":{"line":73,"column":4},"end":{"line":163,"column":5}},"18":{"start":{"line":74,"column":6},"end":{"line":79,"column":9}},"19":{"start":{"line":81,"column":6},"end":{"line":162,"column":7}},"20":{"start":{"line":83,"column":29},"end":{"line":85,"column":11}},"21":{"start":{"line":87,"column":10},"end":{"line":117,"column":11}},"22":{"start":{"line":88,"column":12},"end":{"line":88,"column":45}},"23":{"start":{"line":89,"column":12},"end":{"line":89,"column":69}},"24":{"start":{"line":92,"column":32},"end":{"line":94,"column":83}},"25":{"start":{"line":96,"column":12},"end":{"line":102,"column":15}},"26":{"start":{"line":104,"column":12},"end":{"line":111,"column":16}},"27":{"start":{"line":113,"column":12},"end":{"line":116,"column":15}},"28":{"start":{"line":118,"column":10},"end":{"line":118,"column":16}},"29":{"start":{"line":121,"column":10},"end":{"line":136,"column":11}},"30":{"start":{"line":122,"column":12},"end":{"line":125,"column":15}},"31":{"start":{"line":127,"column":12},"end":{"line":135,"column":16}},"32":{"start":{"line":137,"column":10},"end":{"line":137,"column":16}},"33":{"start":{"line":140,"column":10},"end":{"line":150,"column":11}},"34":{"start":{"line":141,"column":12},"end":{"line":148,"column":16}},"35":{"start":{"line":149,"column":12},"end":{"line":149,"column":36}},"36":{"start":{"line":151,"column":10},"end":{"line":151,"column":16}},"37":{"start":{"line":154,"column":10},"end":{"line":157,"column":14}},"38":{"start":{"line":158,"column":10},"end":{"line":158,"column":16}},"39":{"start":{"line":161,"column":10},"end":{"line":161,"column":63}},"40":{"start":{"line":165,"column":4},"end":{"line":165,"column":37}},"41":{"start":{"line":166,"column":4},"end":{"line":166,"column":28}},"42":{"start":{"line":167,"column":4},"end":{"line":167,"column":24}},"43":{"start":{"line":170,"column":4},"end":{"line":170,"column":48}},"44":{"start":{"line":171,"column":4},"end":{"line":178,"column":6}},"45":{"start":{"line":182,"column":0},"end":{"line":185,"column":2}}},"fnMap":{"0":{"name":"(anonymous_0)","decl":{"start":{"line":5,"column":21},"end":{"line":5,"column":22}},"loc":{"start":{"line":5,"column":54},"end":{"line":42,"column":74}},"line":5},"1":{"name":"(anonymous_1)","decl":{"start":{"line":44,"column":18},"end":{"line":44,"column":19}},"loc":{"start":{"line":44,"column":28},"end":{"line":46,"column":1}},"line":44},"2":{"name":"(anonymous_2)","decl":{"start":{"line":48,"column":17},"end":{"line":48,"column":18}},"loc":{"start":{"line":48,"column":56},"end":{"line":180,"column":1}},"line":48},"3":{"name":"(anonymous_3)","decl":{"start":{"line":67,"column":40},"end":{"line":67,"column":41}},"loc":{"start":{"line":67,"column":47},"end":{"line":67,"column":49}},"line":67}},"branchMap":{"0":{"loc":{"start":{"line":81,"column":6},"end":{"line":162,"column":7}},"type":"switch","locations":[{"start":{"line":82,"column":8},"end":{"line":118,"column":16}},{"start":{"line":120,"column":8},"end":{"line":137,"column":16}},{"start":{"line":139,"column":8},"end":{"line":151,"column":16}},{"start":{"line":153,"column":8},"end":{"line":158,"column":16}},{"start":{"line":160,"column":8},"end":{"line":161,"column":63}}],"line":81},"1":{"loc":{"start":{"line":87,"column":10},"end":{"line":117,"column":11}},"type":"if","locations":[{"start":{"line":87,"column":10},"end":{"line":117,"column":11}},{"start":{"line":112,"column":17},"end":{"line":117,"column":11}}],"line":87},"2":{"loc":{"start":{"line":89,"column":30},"end":{"line":89,"column":68}},"type":"binary-expr","locations":[{"start":{"line":89,"column":30},"end":{"line":89,"column":58}},{"start":{"line":89,"column":62},"end":{"line":89,"column":68}}],"line":89},"3":{"loc":{"start":{"line":92,"column":32},"end":{"line":94,"column":83}},"type":"cond-expr","locations":[{"start":{"line":93,"column":16},"end":{"line":93,"column":29}},{"start":{"line":94,"column":16},"end":{"line":94,"column":83}}],"line":92},"4":{"loc":{"start":{"line":121,"column":10},"end":{"line":136,"column":11}},"type":"if","locations":[{"start":{"line":121,"column":10},"end":{"line":136,"column":11}},{"start":{},"end":{}}],"line":121},"5":{"loc":{"start":{"line":121,"column":14},"end":{"line":121,"column":51}},"type":"binary-expr","locations":[{"start":{"line":121,"column":14},"end":{"line":121,"column":31}},{"start":{"line":121,"column":35},"end":{"line":121,"column":51}}],"line":121},"6":{"loc":{"start":{"line":140,"column":10},"end":{"line":150,"column":11}},"type":"if","locations":[{"start":{"line":140,"column":10},"end":{"line":150,"column":11}},{"start":{},"end":{}}],"line":140},"7":{"loc":{"start":{"line":173,"column":12},"end":{"line":175,"column":30}},"type":"cond-expr","locations":[{"start":{"line":173,"column":35},"end":{"line":173,"column":54}},{"start":{"line":174,"column":12},"end":{"line":175,"column":30}}],"line":173},"8":{"loc":{"start":{"line":174,"column":12},"end":{"line":175,"column":30}},"type":"cond-expr","locations":[{"start":{"line":174,"column":35},"end":{"line":174,"column":54}},{"start":{"line":175,"column":12},"end":{"line":175,"column":30}}],"line":174},"9":{"loc":{"start":{"line":177,"column":17},"end":{"line":177,"column":60}},"type":"binary-expr","locations":[{"start":{"line":177,"column":17},"end":{"line":177,"column":37}},{"start":{"line":177,"column":41},"end":{"line":177,"column":60}}],"line":177}},"s":{"0":2,"1":2,"2":2,"3":2,"4":5,"5":2,"6":7,"7":2,"8":5,"9":5,"10":5,"11":5,"12":5,"13":5,"14":5,"15":5,"16":5,"17":5,"18":7,"19":7,"20":2,"21":2,"22":2,"23":2,"24":2,"25":2,"26":2,"27":0,"28":2,"29":3,"30":3,"31":3,"32":3,"33":1,"34":1,"35":1,"36":1,"37":1,"38":1,"39":0,"40":1,"41":1,"42":1,"43":4,"44":4,"45":2},"f":{"0":5,"1":7,"2":5,"3":0},"b":{"0":[2,3,1,1,0],"1":[2,0],"2":[2,1],"3":[1,1],"4":[3,0],"5":[3,3],"6":[1,0],"7":[0,4],"8":[0,4],"9":[4,4]},"_coverageSchema":"1a1c01bbd47fc00a2c39e90264f33305004495a9","hash":"73fe2794bbd9d2cb0b9b98e83dc8f6dfa4bae3bd"}
,"/Users/spencermerrill/shapewebdev/backend/utils/componentCache.js": {"path":"/Users/spencermerrill/shapewebdev/backend/utils/componentCache.js","statementMap":{"0":{"start":{"line":1,"column":15},"end":{"line":1,"column":32}},"1":{"start":{"line":2,"column":17},"end":{"line":2,"column":36}},"2":{"start":{"line":3,"column":24},"end":{"line":3,"column":60}},"3":{"start":{"line":6,"column":21},"end":{"line":9,"column":1}},"4":{"start":{"line":7,"column":2},"end":{"line":7,"column":23}},"5":{"start":{"line":7,"column":13},"end":{"line":7,"column":23}},"6":{"start":{"line":8,"column":2},"end":{"line":8,"column":64}},"7":{"start":{"line":12,"column":29},"end":{"line":17,"column":1}},"8":{"start":{"line":13,"column":2},"end":{"line":13,"column":23}},"9":{"start":{"line":13,"column":13},"end":{"line":13,"column":23}},"10":{"start":{"line":14,"column":22},"end":{"line":14,"column":66}},"11":{"start":{"line":15,"column":18},"end":{"line":15,"column":49}},"12":{"start":{"line":16,"column":2},"end":{"line":16,"column":40}},"13":{"start":{"line":16,"column":30},"end":{"line":16,"column":38}},"14":{"start":{"line":20,"column":25},"end":{"line":33,"column":1}},"15":{"start":{"line":21,"column":2},"end":{"line":32,"column":4}},"16":{"start":{"line":35,"column":23},"end":{"line":241,"column":1}},"17":{"start":{"line":38,"column":4},"end":{"line":96,"column":5}},"18":{"start":{"line":39,"column":6},"end":{"line":41,"column":7}},"19":{"start":{"line":40,"column":8},"end":{"line":40,"column":50}},"20":{"start":{"line":44,"column":27},"end":{"line":44,"column":29}},"21":{"start":{"line":45,"column":6},"end":{"line":47,"column":7}},"22":{"start":{"line":46,"column":8},"end":{"line":46,"column":52}},"23":{"start":{"line":48,"column":6},"end":{"line":50,"column":7}},"24":{"start":{"line":49,"column":8},"end":{"line":49,"column":53}},"25":{"start":{"line":51,"column":6},"end":{"line":53,"column":7}},"26":{"start":{"line":52,"column":8},"end":{"line":52,"column":78}},"27":{"start":{"line":55,"column":19},"end":{"line":55,"column":37}},"28":{"start":{"line":56,"column":30},"end":{"line":56,"column":56}},"29":{"start":{"line":57,"column":23},"end":{"line":57,"column":45}},"30":{"start":{"line":60,"column":6},"end":{"line":62,"column":7}},"31":{"start":{"line":61,"column":8},"end":{"line":61,"column":81}},"32":{"start":{"line":65,"column":21},"end":{"line":90,"column":7}},"33":{"start":{"line":92,"column":6},"end":{"line":92,"column":20}},"34":{"start":{"line":94,"column":6},"end":{"line":94,"column":55}},"35":{"start":{"line":95,"column":6},"end":{"line":95,"column":18}},"36":{"start":{"line":101,"column":4},"end":{"line":109,"column":5}},"37":{"start":{"line":102,"column":6},"end":{"line":105,"column":33}},"38":{"start":{"line":107,"column":6},"end":{"line":107,"column":55}},"39":{"start":{"line":108,"column":6},"end":{"line":108,"column":18}},"40":{"start":{"line":114,"column":4},"end":{"line":122,"column":5}},"41":{"start":{"line":115,"column":6},"end":{"line":118,"column":9}},"42":{"start":{"line":120,"column":6},"end":{"line":120,"column":64}},"43":{"start":{"line":121,"column":6},"end":{"line":121,"column":18}},"44":{"start":{"line":127,"column":4},"end":{"line":239,"column":5}},"45":{"start":{"line":129,"column":27},"end":{"line":130,"column":58}},"46":{"start":{"line":131,"column":27},"end":{"line":132,"column":58}},"47":{"start":{"line":135,"column":25},"end":{"line":150,"column":8}},"48":{"start":{"line":152,"column":24},"end":{"line":152,"column":26}},"49":{"start":{"line":153,"column":20},"end":{"line":153,"column":22}},"50":{"start":{"line":154,"column":21},"end":{"line":154,"column":23}},"51":{"start":{"line":155,"column":24},"end":{"line":155,"column":33}},"52":{"start":{"line":158,"column":6},"end":{"line":171,"column":9}},"53":{"start":{"line":159,"column":8},"end":{"line":170,"column":9}},"54":{"start":{"line":160,"column":10},"end":{"line":164,"column":12}},"55":{"start":{"line":166,"column":10},"end":{"line":169,"column":13}},"56":{"start":{"line":174,"column":6},"end":{"line":195,"column":9}},"57":{"start":{"line":175,"column":8},"end":{"line":194,"column":9}},"58":{"start":{"line":176,"column":10},"end":{"line":188,"column":11}},"59":{"start":{"line":177,"column":12},"end":{"line":187,"column":15}},"60":{"start":{"line":178,"column":14},"end":{"line":186,"column":15}},"61":{"start":{"line":179,"column":16},"end":{"line":179,"column":73}},"62":{"start":{"line":180,"column":16},"end":{"line":180,"column":41}},"63":{"start":{"line":182,"column":16},"end":{"line":185,"column":19}},"64":{"start":{"line":190,"column":10},"end":{"line":193,"column":13}},"65":{"start":{"line":198,"column":6},"end":{"line":202,"column":9}},"66":{"start":{"line":199,"column":8},"end":{"line":201,"column":9}},"67":{"start":{"line":200,"column":10},"end":{"line":200,"column":43}},"68":{"start":{"line":205,"column":29},"end":{"line":221,"column":7}},"69":{"start":{"line":206,"column":28},"end":{"line":206,"column":58}},"70":{"start":{"line":209,"column":8},"end":{"line":215,"column":9}},"71":{"start":{"line":210,"column":10},"end":{"line":213,"column":13}},"72":{"start":{"line":214,"column":10},"end":{"line":214,"column":17}},"73":{"start":{"line":218,"column":8},"end":{"line":220,"column":9}},"74":{"start":{"line":219,"column":10},"end":{"line":219,"column":45}},"75":{"start":{"line":224,"column":6},"end":{"line":230,"column":9}},"76":{"start":{"line":225,"column":21},"end":{"line":225,"column":41}},"77":{"start":{"line":226,"column":8},"end":{"line":229,"column":9}},"78":{"start":{"line":227,"column":10},"end":{"line":227,"column":30}},"79":{"start":{"line":228,"column":10},"end":{"line":228,"column":31}},"80":{"start":{"line":232,"column":6},"end":{"line":235,"column":8}},"81":{"start":{"line":237,"column":6},"end":{"line":237,"column":65}},"82":{"start":{"line":238,"column":6},"end":{"line":238,"column":18}},"83":{"start":{"line":243,"column":0},"end":{"line":243,"column":32}}},"fnMap":{"0":{"name":"(anonymous_0)","decl":{"start":{"line":6,"column":21},"end":{"line":6,"column":22}},"loc":{"start":{"line":6,"column":31},"end":{"line":9,"column":1}},"line":6},"1":{"name":"(anonymous_1)","decl":{"start":{"line":12,"column":29},"end":{"line":12,"column":30}},"loc":{"start":{"line":12,"column":39},"end":{"line":17,"column":1}},"line":12},"2":{"name":"(anonymous_2)","decl":{"start":{"line":16,"column":21},"end":{"line":16,"column":22}},"loc":{"start":{"line":16,"column":30},"end":{"line":16,"column":38}},"line":16},"3":{"name":"(anonymous_3)","decl":{"start":{"line":20,"column":25},"end":{"line":20,"column":26}},"loc":{"start":{"line":20,"column":35},"end":{"line":33,"column":1}},"line":20},"4":{"name":"(anonymous_4)","decl":{"start":{"line":37,"column":2},"end":{"line":37,"column":3}},"loc":{"start":{"line":37,"column":57},"end":{"line":97,"column":3}},"line":37},"5":{"name":"(anonymous_5)","decl":{"start":{"line":100,"column":2},"end":{"line":100,"column":3}},"loc":{"start":{"line":100,"column":38},"end":{"line":110,"column":3}},"line":100},"6":{"name":"(anonymous_6)","decl":{"start":{"line":113,"column":2},"end":{"line":113,"column":3}},"loc":{"start":{"line":113,"column":51},"end":{"line":123,"column":3}},"line":113},"7":{"name":"(anonymous_7)","decl":{"start":{"line":126,"column":2},"end":{"line":126,"column":3}},"loc":{"start":{"line":126,"column":52},"end":{"line":240,"column":3}},"line":126},"8":{"name":"(anonymous_8)","decl":{"start":{"line":158,"column":25},"end":{"line":158,"column":26}},"loc":{"start":{"line":158,"column":33},"end":{"line":171,"column":7}},"line":158},"9":{"name":"(anonymous_9)","decl":{"start":{"line":174,"column":25},"end":{"line":174,"column":26}},"loc":{"start":{"line":174,"column":33},"end":{"line":195,"column":7}},"line":174},"10":{"name":"(anonymous_10)","decl":{"start":{"line":177,"column":41},"end":{"line":177,"column":42}},"loc":{"start":{"line":177,"column":54},"end":{"line":187,"column":13}},"line":177},"11":{"name":"(anonymous_11)","decl":{"start":{"line":198,"column":25},"end":{"line":198,"column":26}},"loc":{"start":{"line":198,"column":33},"end":{"line":202,"column":7}},"line":198},"12":{"name":"(anonymous_12)","decl":{"start":{"line":205,"column":29},"end":{"line":205,"column":30}},"loc":{"start":{"line":205,"column":50},"end":{"line":221,"column":7}},"line":205},"13":{"name":"(anonymous_13)","decl":{"start":{"line":224,"column":25},"end":{"line":224,"column":26}},"loc":{"start":{"line":224,"column":33},"end":{"line":230,"column":7}},"line":224}},"branchMap":{"0":{"loc":{"start":{"line":7,"column":2},"end":{"line":7,"column":23}},"type":"if","locations":[{"start":{"line":7,"column":2},"end":{"line":7,"column":23}},{"start":{},"end":{}}],"line":7},"1":{"loc":{"start":{"line":13,"column":2},"end":{"line":13,"column":23}},"type":"if","locations":[{"start":{"line":13,"column":2},"end":{"line":13,"column":23}},{"start":{},"end":{}}],"line":13},"2":{"loc":{"start":{"line":23,"column":19},"end":{"line":26,"column":17}},"type":"cond-expr","locations":[{"start":{"line":23,"column":56},"end":{"line":23,"column":68}},{"start":{"line":24,"column":8},"end":{"line":26,"column":17}}],"line":23},"3":{"loc":{"start":{"line":24,"column":8},"end":{"line":26,"column":17}},"type":"cond-expr","locations":[{"start":{"line":24,"column":46},"end":{"line":24,"column":52}},{"start":{"line":25,"column":8},"end":{"line":26,"column":17}}],"line":24},"4":{"loc":{"start":{"line":25,"column":8},"end":{"line":26,"column":17}},"type":"cond-expr","locations":[{"start":{"line":25,"column":48},"end":{"line":25,"column":56}},{"start":{"line":26,"column":8},"end":{"line":26,"column":17}}],"line":25},"5":{"loc":{"start":{"line":30,"column":18},"end":{"line":30,"column":86}},"type":"binary-expr","locations":[{"start":{"line":30,"column":18},"end":{"line":30,"column":42}},{"start":{"line":30,"column":46},"end":{"line":30,"column":86}}],"line":30},"6":{"loc":{"start":{"line":39,"column":6},"end":{"line":41,"column":7}},"type":"if","locations":[{"start":{"line":39,"column":6},"end":{"line":41,"column":7}},{"start":{},"end":{}}],"line":39},"7":{"loc":{"start":{"line":39,"column":10},"end":{"line":39,"column":43}},"type":"binary-expr","locations":[{"start":{"line":39,"column":10},"end":{"line":39,"column":15}},{"start":{"line":39,"column":19},"end":{"line":39,"column":43}}],"line":39},"8":{"loc":{"start":{"line":45,"column":6},"end":{"line":47,"column":7}},"type":"if","locations":[{"start":{"line":45,"column":6},"end":{"line":47,"column":7}},{"start":{},"end":{}}],"line":45},"9":{"loc":{"start":{"line":45,"column":10},"end":{"line":45,"column":51}},"type":"binary-expr","locations":[{"start":{"line":45,"column":10},"end":{"line":45,"column":28}},{"start":{"line":45,"column":32},"end":{"line":45,"column":51}}],"line":45},"10":{"loc":{"start":{"line":48,"column":6},"end":{"line":50,"column":7}},"type":"if","locations":[{"start":{"line":48,"column":6},"end":{"line":50,"column":7}},{"start":{},"end":{}}],"line":48},"11":{"loc":{"start":{"line":48,"column":10},"end":{"line":48,"column":51}},"type":"binary-expr","locations":[{"start":{"line":48,"column":10},"end":{"line":48,"column":28}},{"start":{"line":48,"column":32},"end":{"line":48,"column":51}}],"line":48},"12":{"loc":{"start":{"line":51,"column":6},"end":{"line":53,"column":7}},"type":"if","locations":[{"start":{"line":51,"column":6},"end":{"line":53,"column":7}},{"start":{},"end":{}}],"line":51},"13":{"loc":{"start":{"line":60,"column":6},"end":{"line":62,"column":7}},"type":"if","locations":[{"start":{"line":60,"column":6},"end":{"line":62,"column":7}},{"start":{},"end":{}}],"line":60},"14":{"loc":{"start":{"line":129,"column":27},"end":{"line":130,"column":58}},"type":"cond-expr","locations":[{"start":{"line":130,"column":8},"end":{"line":130,"column":46}},{"start":{"line":130,"column":49},"end":{"line":130,"column":58}}],"line":129},"15":{"loc":{"start":{"line":131,"column":27},"end":{"line":132,"column":58}},"type":"cond-expr","locations":[{"start":{"line":132,"column":8},"end":{"line":132,"column":46}},{"start":{"line":132,"column":49},"end":{"line":132,"column":58}}],"line":131},"16":{"loc":{"start":{"line":176,"column":10},"end":{"line":188,"column":11}},"type":"if","locations":[{"start":{"line":176,"column":10},"end":{"line":188,"column":11}},{"start":{},"end":{}}],"line":176},"17":{"loc":{"start":{"line":176,"column":14},"end":{"line":176,"column":69}},"type":"binary-expr","locations":[{"start":{"line":176,"column":14},"end":{"line":176,"column":34}},{"start":{"line":176,"column":38},"end":{"line":176,"column":69}}],"line":176},"18":{"loc":{"start":{"line":178,"column":14},"end":{"line":186,"column":15}},"type":"if","locations":[{"start":{"line":178,"column":14},"end":{"line":186,"column":15}},{"start":{"line":181,"column":21},"end":{"line":186,"column":15}}],"line":178},"19":{"loc":{"start":{"line":199,"column":8},"end":{"line":201,"column":9}},"type":"if","locations":[{"start":{"line":199,"column":8},"end":{"line":201,"column":9}},{"start":{},"end":{}}],"line":199},"20":{"loc":{"start":{"line":205,"column":36},"end":{"line":205,"column":45}},"type":"default-arg","locations":[{"start":{"line":205,"column":43},"end":{"line":205,"column":45}}],"line":205},"21":{"loc":{"start":{"line":209,"column":8},"end":{"line":215,"column":9}},"type":"if","locations":[{"start":{"line":209,"column":8},"end":{"line":215,"column":9}},{"start":{},"end":{}}],"line":209},"22":{"loc":{"start":{"line":226,"column":8},"end":{"line":229,"column":9}},"type":"if","locations":[{"start":{"line":226,"column":8},"end":{"line":229,"column":9}},{"start":{},"end":{}}],"line":226}},"s":{"0":2,"1":2,"2":2,"3":2,"4":8,"5":0,"6":8,"7":2,"8":8,"9":0,"10":8,"11":8,"12":8,"13":6,"14":2,"15":8,"16":2,"17":9,"18":9,"19":0,"20":9,"21":9,"22":1,"23":9,"24":0,"25":9,"26":1,"27":8,"28":8,"29":8,"30":8,"31":0,"32":8,"33":8,"34":1,"35":1,"36":0,"37":0,"38":0,"39":0,"40":0,"41":0,"42":0,"43":0,"44":3,"45":3,"46":3,"47":3,"48":3,"49":3,"50":3,"51":3,"52":3,"53":6,"54":6,"55":0,"56":3,"57":6,"58":6,"59":4,"60":5,"61":4,"62":4,"63":1,"64":0,"65":3,"66":6,"67":2,"68":3,"69":12,"70":12,"71":2,"72":2,"73":10,"74":6,"75":3,"76":6,"77":6,"78":6,"79":6,"80":3,"81":0,"82":0,"83":2},"f":{"0":8,"1":8,"2":6,"3":8,"4":9,"5":0,"6":0,"7":3,"8":6,"9":6,"10":5,"11":6,"12":12,"13":6},"b":{"0":[0,8],"1":[0,8],"2":[0,8],"3":[0,8],"4":[0,8],"5":[8,0],"6":[0,9],"7":[9,9],"8":[1,8],"9":[9,9],"10":[0,9],"11":[9,8],"12":[1,8],"13":[0,8],"14":[0,3],"15":[0,3],"16":[4,2],"17":[6,6],"18":[4,1],"19":[2,4],"20":[6],"21":[2,10],"22":[6,0]},"_coverageSchema":"1a1c01bbd47fc00a2c39e90264f33305004495a9","hash":"ae627b4f400a35721f793e978c568b80e9a050fb"}
,"/Users/spencermerrill/shapewebdev/backend/utils/sseHelpers.js": {"path":"/Users/spencermerrill/shapewebdev/backend/utils/sseHelpers.js","statementMap":{"0":{"start":{"line":1,"column":26},"end":{"line":1,"column":48}},"1":{"start":{"line":4,"column":23},"end":{"line":4,"column":32}},"2":{"start":{"line":6,"column":17},"end":{"line":30,"column":1}},"3":{"start":{"line":7,"column":20},"end":{"line":7,"column":66}},"4":{"start":{"line":10,"column":2},"end":{"line":10,"column":53}},"5":{"start":{"line":11,"column":2},"end":{"line":11,"column":45}},"6":{"start":{"line":12,"column":2},"end":{"line":12,"column":44}},"7":{"start":{"line":13,"column":2},"end":{"line":13,"column":43}},"8":{"start":{"line":14,"column":2},"end":{"line":14,"column":21}},"9":{"start":{"line":17,"column":2},"end":{"line":21,"column":5}},"10":{"start":{"line":24,"column":2},"end":{"line":27,"column":5}},"11":{"start":{"line":25,"column":4},"end":{"line":25,"column":65}},"12":{"start":{"line":26,"column":4},"end":{"line":26,"column":37}},"13":{"start":{"line":29,"column":2},"end":{"line":29,"column":19}},"14":{"start":{"line":32,"column":23},"end":{"line":50,"column":1}},"15":{"start":{"line":33,"column":2},"end":{"line":33,"column":35}},"16":{"start":{"line":33,"column":22},"end":{"line":33,"column":35}},"17":{"start":{"line":35,"column":2},"end":{"line":49,"column":3}},"18":{"start":{"line":37,"column":4},"end":{"line":42,"column":5}},"19":{"start":{"line":38,"column":6},"end":{"line":41,"column":8}},"20":{"start":{"line":44,"column":20},"end":{"line":44,"column":71}},"21":{"start":{"line":45,"column":4},"end":{"line":45,"column":30}},"22":{"start":{"line":47,"column":4},"end":{"line":47,"column":55}},"23":{"start":{"line":48,"column":4},"end":{"line":48,"column":17}},"24":{"start":{"line":52,"column":22},"end":{"line":66,"column":1}},"25":{"start":{"line":53,"column":2},"end":{"line":65,"column":3}},"26":{"start":{"line":55,"column":23},"end":{"line":55,"column":25}},"27":{"start":{"line":56,"column":4},"end":{"line":60,"column":5}},"28":{"start":{"line":56,"column":17},"end":{"line":56,"column":42}},"29":{"start":{"line":57,"column":24},"end":{"line":57,"column":65}},"30":{"start":{"line":58,"column":6},"end":{"line":58,"column":28}},"31":{"start":{"line":58,"column":22},"end":{"line":58,"column":28}},"32":{"start":{"line":59,"column":6},"end":{"line":59,"column":45}},"33":{"start":{"line":61,"column":4},"end":{"line":61,"column":22}},"34":{"start":{"line":63,"column":4},"end":{"line":63,"column":52}},"35":{"start":{"line":64,"column":4},"end":{"line":64,"column":14}},"36":{"start":{"line":68,"column":0},"end":{"line":73,"column":2}}},"fnMap":{"0":{"name":"(anonymous_0)","decl":{"start":{"line":6,"column":17},"end":{"line":6,"column":18}},"loc":{"start":{"line":6,"column":31},"end":{"line":30,"column":1}},"line":6},"1":{"name":"(anonymous_1)","decl":{"start":{"line":24,"column":18},"end":{"line":24,"column":19}},"loc":{"start":{"line":24,"column":24},"end":{"line":27,"column":3}},"line":24},"2":{"name":"(anonymous_2)","decl":{"start":{"line":32,"column":23},"end":{"line":32,"column":24}},"loc":{"start":{"line":32,"column":53},"end":{"line":50,"column":1}},"line":32},"3":{"name":"(anonymous_3)","decl":{"start":{"line":52,"column":22},"end":{"line":52,"column":23}},"loc":{"start":{"line":52,"column":56},"end":{"line":66,"column":1}},"line":52}},"branchMap":{"0":{"loc":{"start":{"line":7,"column":20},"end":{"line":7,"column":66}},"type":"binary-expr","locations":[{"start":{"line":7,"column":20},"end":{"line":7,"column":39}},{"start":{"line":7,"column":43},"end":{"line":7,"column":66}}],"line":7},"1":{"loc":{"start":{"line":18,"column":17},"end":{"line":18,"column":52}},"type":"binary-expr","locations":[{"start":{"line":18,"column":17},"end":{"line":18,"column":45}},{"start":{"line":18,"column":49},"end":{"line":18,"column":52}}],"line":18},"2":{"loc":{"start":{"line":33,"column":2},"end":{"line":33,"column":35}},"type":"if","locations":[{"start":{"line":33,"column":2},"end":{"line":33,"column":35}},{"start":{},"end":{}}],"line":33},"3":{"loc":{"start":{"line":37,"column":4},"end":{"line":42,"column":5}},"type":"if","locations":[{"start":{"line":37,"column":4},"end":{"line":42,"column":5}},{"start":{},"end":{}}],"line":37},"4":{"loc":{"start":{"line":37,"column":8},"end":{"line":37,"column":63}},"type":"binary-expr","locations":[{"start":{"line":37,"column":8},"end":{"line":37,"column":43}},{"start":{"line":37,"column":47},"end":{"line":37,"column":63}}],"line":37},"5":{"loc":{"start":{"line":58,"column":6},"end":{"line":58,"column":28}},"type":"if","locations":[{"start":{"line":58,"column":6},"end":{"line":58,"column":28}},{"start":{},"end":{}}],"line":58}},"s":{"0":1,"1":1,"2":1,"3":5,"4":5,"5":5,"6":5,"7":5,"8":5,"9":5,"10":5,"11":1,"12":1,"13":5,"14":1,"15":2,"16":0,"17":2,"18":2,"19":1,"20":2,"21":2,"22":1,"23":1,"24":1,"25":2,"26":2,"27":2,"28":2,"29":4,"30":4,"31":2,"32":2,"33":2,"34":0,"35":0,"36":1},"f":{"0":5,"1":1,"2":2,"3":2},"b":{"0":[5,5],"1":[5,4],"2":[0,2],"3":[1,1],"4":[2,1],"5":[2,2]},"_coverageSchema":"1a1c01bbd47fc00a2c39e90264f33305004495a9","hash":"39ca1b8c25f5edbed74e8e83b398feb49d05acf4"}
,"/Users/spencermerrill/shapewebdev/backend/utils/testAiClient.js": {"path":"/Users/spencermerrill/shapewebdev/backend/utils/testAiClient.js","statementMap":{"0":{"start":{"line":1,"column":21},"end":{"line":1,"column":45}},"1":{"start":{"line":2,"column":21},"end":{"line":2,"column":38}},"2":{"start":{"line":5,"column":23},"end":{"line":5,"column":25}},"3":{"start":{"line":6,"column":20},"end":{"line":6,"column":25}},"4":{"start":{"line":7,"column":20},"end":{"line":7,"column":22}},"5":{"start":{"line":8,"column":19},"end":{"line":8,"column":20}},"6":{"start":{"line":9,"column":20},"end":{"line":9,"column":25}},"7":{"start":{"line":10,"column":27},"end":{"line":10,"column":31}},"8":{"start":{"line":14,"column":2},"end":{"line":14,"column":77}},"9":{"start":{"line":18,"column":19},"end":{"line":18,"column":40}},"10":{"start":{"line":19,"column":2},"end":{"line":19,"column":87}},"11":{"start":{"line":24,"column":16},"end":{"line":24,"column":88}},"12":{"start":{"line":25,"column":2},"end":{"line":25,"column":33}},"13":{"start":{"line":29,"column":18},"end":{"line":29,"column":20}},"14":{"start":{"line":30,"column":12},"end":{"line":30,"column":13}},"15":{"start":{"line":31,"column":17},"end":{"line":31,"column":22}},"16":{"start":{"line":32,"column":19},"end":{"line":32,"column":21}},"17":{"start":{"line":34,"column":2},"end":{"line":59,"column":3}},"18":{"start":{"line":36,"column":4},"end":{"line":45,"column":5}},"19":{"start":{"line":37,"column":6},"end":{"line":42,"column":7}},"20":{"start":{"line":38,"column":8},"end":{"line":38,"column":24}},"21":{"start":{"line":39,"column":8},"end":{"line":39,"column":31}},"22":{"start":{"line":40,"column":13},"end":{"line":42,"column":7}},"23":{"start":{"line":41,"column":8},"end":{"line":41,"column":25}},"24":{"start":{"line":43,"column":6},"end":{"line":43,"column":12}},"25":{"start":{"line":44,"column":6},"end":{"line":44,"column":15}},"26":{"start":{"line":47,"column":4},"end":{"line":57,"column":5}},"27":{"start":{"line":48,"column":21},"end":{"line":48,"column":44}},"28":{"start":{"line":49,"column":6},"end":{"line":56,"column":7}},"29":{"start":{"line":50,"column":8},"end":{"line":54,"column":11}},"30":{"start":{"line":55,"column":8},"end":{"line":55,"column":25}},"31":{"start":{"line":58,"column":4},"end":{"line":58,"column":10}},"32":{"start":{"line":60,"column":2},"end":{"line":60,"column":17}},"33":{"start":{"line":64,"column":19},"end":{"line":66,"column":2}},"34":{"start":{"line":69,"column":0},"end":{"line":76,"column":3}},"35":{"start":{"line":70,"column":18},"end":{"line":70,"column":67}},"36":{"start":{"line":71,"column":2},"end":{"line":75,"column":5}},"37":{"start":{"line":79,"column":18},"end":{"line":108,"column":1}},"38":{"start":{"line":110,"column":0},"end":{"line":110,"column":35}},"39":{"start":{"line":113,"column":0},"end":{"line":245,"column":3}},"40":{"start":{"line":114,"column":2},"end":{"line":114,"column":71}},"41":{"start":{"line":115,"column":2},"end":{"line":115,"column":35}},"42":{"start":{"line":117,"column":18},"end":{"line":117,"column":27}},"43":{"start":{"line":119,"column":2},"end":{"line":244,"column":3}},"44":{"start":{"line":121,"column":20},"end":{"line":121,"column":49}},"45":{"start":{"line":123,"column":4},"end":{"line":243,"column":5}},"46":{"start":{"line":124,"column":20},"end":{"line":124,"column":21}},"47":{"start":{"line":127,"column":6},"end":{"line":161,"column":9}},"48":{"start":{"line":129,"column":8},"end":{"line":138,"column":9}},"49":{"start":{"line":130,"column":27},"end":{"line":130,"column":70}},"50":{"start":{"line":131,"column":10},"end":{"line":137,"column":11}},"51":{"start":{"line":132,"column":12},"end":{"line":132,"column":70}},"52":{"start":{"line":133,"column":12},"end":{"line":136,"column":22}},"53":{"start":{"line":141,"column":21},"end":{"line":141,"column":48}},"54":{"start":{"line":142,"column":8},"end":{"line":142,"column":29}},"55":{"start":{"line":143,"column":8},"end":{"line":143,"column":43}},"56":{"start":{"line":144,"column":8},"end":{"line":144,"column":41}},"57":{"start":{"line":145,"column":8},"end":{"line":145,"column":32}},"58":{"start":{"line":147,"column":8},"end":{"line":147,"column":69}},"59":{"start":{"line":148,"column":8},"end":{"line":158,"column":18}},"60":{"start":{"line":160,"column":8},"end":{"line":160,"column":29}},"61":{"start":{"line":164,"column":6},"end":{"line":201,"column":7}},"62":{"start":{"line":165,"column":26},"end":{"line":165,"column":55}},"63":{"start":{"line":166,"column":8},"end":{"line":200,"column":9}},"64":{"start":{"line":167,"column":10},"end":{"line":199,"column":11}},"65":{"start":{"line":168,"column":12},"end":{"line":168,"column":51}},"66":{"start":{"line":169,"column":12},"end":{"line":169,"column":42}},"67":{"start":{"line":171,"column":31},"end":{"line":171,"column":89}},"68":{"start":{"line":173,"column":12},"end":{"line":173,"column":77}},"69":{"start":{"line":174,"column":12},"end":{"line":184,"column":22}},"70":{"start":{"line":186,"column":12},"end":{"line":192,"column":13}},"71":{"start":{"line":187,"column":14},"end":{"line":187,"column":49}},"72":{"start":{"line":188,"column":14},"end":{"line":188,"column":36}},"73":{"start":{"line":189,"column":14},"end":{"line":189,"column":36}},"74":{"start":{"line":190,"column":14},"end":{"line":190,"column":31}},"75":{"start":{"line":191,"column":14},"end":{"line":191,"column":42}},"76":{"start":{"line":194,"column":12},"end":{"line":194,"column":68}},"77":{"start":{"line":195,"column":12},"end":{"line":198,"column":22}},"78":{"start":{"line":202,"column":11},"end":{"line":243,"column":5}},"79":{"start":{"line":204,"column":6},"end":{"line":204,"column":43}},"80":{"start":{"line":205,"column":6},"end":{"line":205,"column":34}},"81":{"start":{"line":207,"column":25},"end":{"line":207,"column":81}},"82":{"start":{"line":209,"column":6},"end":{"line":209,"column":71}},"83":{"start":{"line":210,"column":6},"end":{"line":220,"column":16}},"84":{"start":{"line":222,"column":6},"end":{"line":228,"column":7}},"85":{"start":{"line":223,"column":8},"end":{"line":223,"column":43}},"86":{"start":{"line":224,"column":8},"end":{"line":224,"column":30}},"87":{"start":{"line":225,"column":8},"end":{"line":225,"column":30}},"88":{"start":{"line":226,"column":8},"end":{"line":226,"column":25}},"89":{"start":{"line":227,"column":8},"end":{"line":227,"column":36}},"90":{"start":{"line":231,"column":6},"end":{"line":231,"column":31}},"91":{"start":{"line":232,"column":24},"end":{"line":232,"column":61}},"92":{"start":{"line":233,"column":6},"end":{"line":242,"column":7}},"93":{"start":{"line":234,"column":8},"end":{"line":240,"column":11}},"94":{"start":{"line":235,"column":10},"end":{"line":235,"column":62}},"95":{"start":{"line":236,"column":10},"end":{"line":239,"column":20}},"96":{"start":{"line":241,"column":8},"end":{"line":241,"column":71}},"97":{"start":{"line":247,"column":0},"end":{"line":247,"column":33}}},"fnMap":{"0":{"name":"countBraces","decl":{"start":{"line":13,"column":9},"end":{"line":13,"column":20}},"loc":{"start":{"line":13,"column":27},"end":{"line":15,"column":1}},"line":13},"1":{"name":"isLineComplete","decl":{"start":{"line":17,"column":9},"end":{"line":17,"column":23}},"loc":{"start":{"line":17,"column":30},"end":{"line":20,"column":1}},"line":17},"2":{"name":"extractComponentName","decl":{"start":{"line":22,"column":9},"end":{"line":22,"column":29}},"loc":{"start":{"line":22,"column":36},"end":{"line":26,"column":1}},"line":22},"3":{"name":"findComponentMarkers","decl":{"start":{"line":28,"column":9},"end":{"line":28,"column":29}},"loc":{"start":{"line":28,"column":36},"end":{"line":61,"column":1}},"line":28},"4":{"name":"(anonymous_4)","decl":{"start":{"line":65,"column":2},"end":{"line":65,"column":3}},"loc":{"start":{"line":65,"column":9},"end":{"line":65,"column":11}},"line":65},"5":{"name":"(anonymous_5)","decl":{"start":{"line":69,"column":22},"end":{"line":69,"column":23}},"loc":{"start":{"line":69,"column":32},"end":{"line":76,"column":1}},"line":69},"6":{"name":"(anonymous_6)","decl":{"start":{"line":113,"column":18},"end":{"line":113,"column":19}},"loc":{"start":{"line":113,"column":35},"end":{"line":245,"column":1}},"line":113},"7":{"name":"(anonymous_7)","decl":{"start":{"line":127,"column":22},"end":{"line":127,"column":23}},"loc":{"start":{"line":127,"column":32},"end":{"line":161,"column":7}},"line":127},"8":{"name":"(anonymous_8)","decl":{"start":{"line":234,"column":26},"end":{"line":234,"column":27}},"loc":{"start":{"line":234,"column":38},"end":{"line":240,"column":9}},"line":234}},"branchMap":{"0":{"loc":{"start":{"line":14,"column":10},"end":{"line":14,"column":33}},"type":"binary-expr","locations":[{"start":{"line":14,"column":10},"end":{"line":14,"column":27}},{"start":{"line":14,"column":31},"end":{"line":14,"column":33}}],"line":14},"1":{"loc":{"start":{"line":14,"column":45},"end":{"line":14,"column":68}},"type":"binary-expr","locations":[{"start":{"line":14,"column":45},"end":{"line":14,"column":62}},{"start":{"line":14,"column":66},"end":{"line":14,"column":68}}],"line":14},"2":{"loc":{"start":{"line":19,"column":9},"end":{"line":19,"column":86}},"type":"binary-expr","locations":[{"start":{"line":19,"column":9},"end":{"line":19,"column":25}},{"start":{"line":19,"column":29},"end":{"line":19,"column":45}},{"start":{"line":19,"column":49},"end":{"line":19,"column":65}},{"start":{"line":19,"column":69},"end":{"line":19,"column":86}}],"line":19},"3":{"loc":{"start":{"line":25,"column":9},"end":{"line":25,"column":32}},"type":"cond-expr","locations":[{"start":{"line":25,"column":17},"end":{"line":25,"column":25}},{"start":{"line":25,"column":28},"end":{"line":25,"column":32}}],"line":25},"4":{"loc":{"start":{"line":36,"column":4},"end":{"line":45,"column":5}},"type":"if","locations":[{"start":{"line":36,"column":4},"end":{"line":45,"column":5}},{"start":{},"end":{}}],"line":36},"5":{"loc":{"start":{"line":36,"column":8},"end":{"line":36,"column":46}},"type":"binary-expr","locations":[{"start":{"line":36,"column":8},"end":{"line":36,"column":25}},{"start":{"line":36,"column":29},"end":{"line":36,"column":46}}],"line":36},"6":{"loc":{"start":{"line":37,"column":6},"end":{"line":42,"column":7}},"type":"if","locations":[{"start":{"line":37,"column":6},"end":{"line":42,"column":7}},{"start":{"line":40,"column":13},"end":{"line":42,"column":7}}],"line":37},"7":{"loc":{"start":{"line":40,"column":13},"end":{"line":42,"column":7}},"type":"if","locations":[{"start":{"line":40,"column":13},"end":{"line":42,"column":7}},{"start":{},"end":{}}],"line":40},"8":{"loc":{"start":{"line":40,"column":17},"end":{"line":40,"column":65}},"type":"binary-expr","locations":[{"start":{"line":40,"column":17},"end":{"line":40,"column":41}},{"start":{"line":40,"column":45},"end":{"line":40,"column":65}}],"line":40},"9":{"loc":{"start":{"line":47,"column":4},"end":{"line":57,"column":5}},"type":"if","locations":[{"start":{"line":47,"column":4},"end":{"line":57,"column":5}},{"start":{},"end":{}}],"line":47},"10":{"loc":{"start":{"line":47,"column":8},"end":{"line":47,"column":64}},"type":"binary-expr","locations":[{"start":{"line":47,"column":8},"end":{"line":47,"column":17}},{"start":{"line":47,"column":21},"end":{"line":47,"column":64}}],"line":47},"11":{"loc":{"start":{"line":49,"column":6},"end":{"line":56,"column":7}},"type":"if","locations":[{"start":{"line":49,"column":6},"end":{"line":56,"column":7}},{"start":{},"end":{}}],"line":49},"12":{"loc":{"start":{"line":73,"column":13},"end":{"line":73,"column":90}},"type":"cond-expr","locations":[{"start":{"line":73,"column":39},"end":{"line":73,"column":72}},{"start":{"line":73,"column":75},"end":{"line":73,"column":90}}],"line":73},"13":{"loc":{"start":{"line":119,"column":2},"end":{"line":244,"column":3}},"type":"if","locations":[{"start":{"line":119,"column":2},"end":{"line":244,"column":3}},{"start":{},"end":{}}],"line":119},"14":{"loc":{"start":{"line":119,"column":6},"end":{"line":119,"column":31}},"type":"binary-expr","locations":[{"start":{"line":119,"column":6},"end":{"line":119,"column":13}},{"start":{"line":119,"column":17},"end":{"line":119,"column":31}}],"line":119},"15":{"loc":{"start":{"line":123,"column":4},"end":{"line":243,"column":5}},"type":"if","locations":[{"start":{"line":123,"column":4},"end":{"line":243,"column":5}},{"start":{"line":202,"column":11},"end":{"line":243,"column":5}}],"line":123},"16":{"loc":{"start":{"line":129,"column":8},"end":{"line":138,"column":9}},"type":"if","locations":[{"start":{"line":129,"column":8},"end":{"line":138,"column":9}},{"start":{},"end":{}}],"line":129},"17":{"loc":{"start":{"line":131,"column":10},"end":{"line":137,"column":11}},"type":"if","locations":[{"start":{"line":131,"column":10},"end":{"line":137,"column":11}},{"start":{},"end":{}}],"line":131},"18":{"loc":{"start":{"line":164,"column":6},"end":{"line":201,"column":7}},"type":"if","locations":[{"start":{"line":164,"column":6},"end":{"line":201,"column":7}},{"start":{},"end":{}}],"line":164},"19":{"loc":{"start":{"line":166,"column":8},"end":{"line":200,"column":9}},"type":"if","locations":[{"start":{"line":166,"column":8},"end":{"line":200,"column":9}},{"start":{},"end":{}}],"line":166},"20":{"loc":{"start":{"line":167,"column":10},"end":{"line":199,"column":11}},"type":"if","locations":[{"start":{"line":167,"column":10},"end":{"line":199,"column":11}},{"start":{"line":193,"column":17},"end":{"line":199,"column":11}}],"line":167},"21":{"loc":{"start":{"line":171,"column":31},"end":{"line":171,"column":89}},"type":"binary-expr","locations":[{"start":{"line":171,"column":31},"end":{"line":171,"column":67}},{"start":{"line":171,"column":71},"end":{"line":171,"column":89}}],"line":171},"22":{"loc":{"start":{"line":186,"column":12},"end":{"line":192,"column":13}},"type":"if","locations":[{"start":{"line":186,"column":12},"end":{"line":192,"column":13}},{"start":{},"end":{}}],"line":186},"23":{"loc":{"start":{"line":202,"column":11},"end":{"line":243,"column":5}},"type":"if","locations":[{"start":{"line":202,"column":11},"end":{"line":243,"column":5}},{"start":{"line":229,"column":11},"end":{"line":243,"column":5}}],"line":202},"24":{"loc":{"start":{"line":207,"column":25},"end":{"line":207,"column":81}},"type":"binary-expr","locations":[{"start":{"line":207,"column":25},"end":{"line":207,"column":59}},{"start":{"line":207,"column":63},"end":{"line":207,"column":81}}],"line":207},"25":{"loc":{"start":{"line":222,"column":6},"end":{"line":228,"column":7}},"type":"if","locations":[{"start":{"line":222,"column":6},"end":{"line":228,"column":7}},{"start":{},"end":{}}],"line":222},"26":{"loc":{"start":{"line":233,"column":6},"end":{"line":242,"column":7}},"type":"if","locations":[{"start":{"line":233,"column":6},"end":{"line":242,"column":7}},{"start":{},"end":{}}],"line":233}},"s":{"0":0,"1":0,"2":0,"3":0,"4":0,"5":0,"6":0,"7":0,"8":0,"9":0,"10":0,"11":0,"12":0,"13":0,"14":0,"15":0,"16":0,"17":0,"18":0,"19":0,"20":0,"21":0,"22":0,"23":0,"24":0,"25":0,"26":0,"27":0,"28":0,"29":0,"30":0,"31":0,"32":0,"33":0,"34":0,"35":0,"36":0,"37":0,"38":0,"39":0,"40":0,"41":0,"42":0,"43":0,"44":0,"45":0,"46":0,"47":0,"48":0,"49":0,"50":0,"51":0,"52":0,"53":0,"54":0,"55":0,"56":0,"57":0,"58":0,"59":0,"60":0,"61":0,"62":0,"63":0,"64":0,"65":0,"66":0,"67":0,"68":0,"69":0,"70":0,"71":0,"72":0,"73":0,"74":0,"75":0,"76":0,"77":0,"78":0,"79":0,"80":0,"81":0,"82":0,"83":0,"84":0,"85":0,"86":0,"87":0,"88":0,"89":0,"90":0,"91":0,"92":0,"93":0,"94":0,"95":0,"96":0,"97":0},"f":{"0":0,"1":0,"2":0,"3":0,"4":0,"5":0,"6":0,"7":0,"8":0},"b":{"0":[0,0],"1":[0,0],"2":[0,0,0,0],"3":[0,0],"4":[0,0],"5":[0,0],"6":[0,0],"7":[0,0],"8":[0,0],"9":[0,0],"10":[0,0],"11":[0,0],"12":[0,0],"13":[0,0],"14":[0,0],"15":[0,0],"16":[0,0],"17":[0,0],"18":[0,0],"19":[0,0],"20":[0,0],"21":[0,0],"22":[0,0],"23":[0,0],"24":[0,0],"25":[0,0],"26":[0,0]}}
,"/Users/spencermerrill/shapewebdev/backend/utils/tokenCheck.js": {"path":"/Users/spencermerrill/shapewebdev/backend/utils/tokenCheck.js","statementMap":{"0":{"start":{"line":1,"column":12},"end":{"line":1,"column":35}},"1":{"start":{"line":2,"column":13},"end":{"line":2,"column":38}},"2":{"start":{"line":4,"column":19},"end":{"line":24,"column":1}},"3":{"start":{"line":5,"column":2},"end":{"line":23,"column":3}},"4":{"start":{"line":6,"column":18},"end":{"line":6,"column":69}},"5":{"start":{"line":8,"column":4},"end":{"line":10,"column":5}},"6":{"start":{"line":9,"column":6},"end":{"line":9,"column":68}},"7":{"start":{"line":12,"column":20},"end":{"line":12,"column":61}},"8":{"start":{"line":13,"column":17},"end":{"line":13,"column":52}},"9":{"start":{"line":15,"column":4},"end":{"line":17,"column":5}},"10":{"start":{"line":16,"column":6},"end":{"line":16,"column":64}},"11":{"start":{"line":19,"column":4},"end":{"line":19,"column":20}},"12":{"start":{"line":20,"column":4},"end":{"line":20,"column":11}},"13":{"start":{"line":22,"column":4},"end":{"line":22,"column":55}},"14":{"start":{"line":26,"column":0},"end":{"line":26,"column":28}}},"fnMap":{"0":{"name":"(anonymous_0)","decl":{"start":{"line":4,"column":19},"end":{"line":4,"column":20}},"loc":{"start":{"line":4,"column":45},"end":{"line":24,"column":1}},"line":4}},"branchMap":{"0":{"loc":{"start":{"line":8,"column":4},"end":{"line":10,"column":5}},"type":"if","locations":[{"start":{"line":8,"column":4},"end":{"line":10,"column":5}},{"start":{},"end":{}}],"line":8},"1":{"loc":{"start":{"line":15,"column":4},"end":{"line":17,"column":5}},"type":"if","locations":[{"start":{"line":15,"column":4},"end":{"line":17,"column":5}},{"start":{},"end":{}}],"line":15}},"s":{"0":0,"1":0,"2":0,"3":0,"4":0,"5":0,"6":0,"7":0,"8":0,"9":0,"10":0,"11":0,"12":0,"13":0,"14":0},"f":{"0":0},"b":{"0":[0,0],"1":[0,0]}}
}
