TN:
SF:controllers/generateController.js
FN:8,(anonymous_0)
FN:44,(anonymous_1)
FN:72,(anonymous_2)
FN:108,(anonymous_3)
FN:127,(anonymous_4)
FN:263,(anonymous_5)
FNF:6
FNH:6
FNDA:8,(anonymous_0)
FNDA:1,(anonymous_1)
FNDA:8,(anonymous_2)
FNDA:1,(anonymous_3)
FNDA:39,(anonymous_4)
FNDA:7,(anonymous_5)
DA:1,1
DA:4,1
DA:5,1
DA:8,1
DA:10,8
DA:11,8
DA:15,0
DA:16,0
DA:17,0
DA:18,0
DA:26,0
DA:27,0
DA:28,0
DA:36,0
DA:44,1
DA:45,1
DA:47,1
DA:48,1
DA:49,1
DA:53,0
DA:54,0
DA:55,0
DA:56,0
DA:60,0
DA:61,0
DA:62,0
DA:65,0
DA:67,0
DA:68,0
DA:72,1
DA:73,8
DA:75,8
DA:76,8
DA:77,0
DA:83,0
DA:84,0
DA:87,8
DA:94,8
DA:95,8
DA:96,8
DA:97,8
DA:98,8
DA:99,8
DA:101,8
DA:104,8
DA:105,8
DA:108,8
DA:109,1
DA:110,1
DA:111,1
DA:112,1
DA:117,8
DA:118,8
DA:119,8
DA:120,8
DA:127,8
DA:128,39
DA:129,39
DA:130,0
DA:131,0
DA:132,0
DA:136,39
DA:137,1
DA:138,1
DA:139,1
DA:140,1
DA:144,39
DA:145,38
DA:148,38
DA:149,38
DA:150,1
DA:155,1
DA:158,1
DA:164,1
DA:168,38
DA:169,38
DA:171,8
DA:178,8
DA:181,8
DA:182,8
DA:186,8
DA:192,8
DA:196,38
DA:197,5
DA:198,5
DA:200,0
DA:203,0
DA:204,0
DA:211,0
DA:223,0
DA:227,0
DA:228,0
DA:229,0
DA:233,5
DA:234,5
DA:235,4
DA:236,4
DA:241,4
DA:247,38
DA:248,38
DA:251,1
DA:252,1
DA:258,1
DA:263,8
DA:264,7
DA:265,7
DA:267,7
DA:268,1
DA:269,1
DA:270,0
DA:279,7
DA:289,7
DA:294,0
DA:295,0
DA:297,0
DA:303,0
DA:308,1
LF:117
LH:80
BRDA:8,0,0,8
BRDA:10,1,0,8
BRDA:10,1,1,0
BRDA:10,2,0,8
BRDA:10,2,1,8
BRDA:16,3,0,0
BRDA:16,3,1,0
BRDA:17,4,0,0
BRDA:17,4,1,0
BRDA:17,5,0,0
BRDA:17,5,1,0
BRDA:27,6,0,0
BRDA:27,6,1,0
BRDA:36,7,0,0
BRDA:36,7,1,0
BRDA:47,8,0,1
BRDA:47,8,1,0
BRDA:54,9,0,0
BRDA:54,9,1,0
BRDA:54,10,0,0
BRDA:54,10,1,0
BRDA:60,11,0,0
BRDA:60,11,1,0
BRDA:60,12,0,0
BRDA:60,12,1,0
BRDA:76,13,0,0
BRDA:76,13,1,8
BRDA:76,14,0,8
BRDA:76,14,1,8
BRDA:111,15,0,1
BRDA:111,15,1,0
BRDA:129,16,0,0
BRDA:129,16,1,39
BRDA:136,17,0,1
BRDA:136,17,1,38
BRDA:145,18,0,38
BRDA:145,18,1,0
BRDA:149,19,0,1
BRDA:149,19,1,37
BRDA:149,20,0,38
BRDA:149,20,1,1
BRDA:169,21,0,8
BRDA:169,21,1,30
BRDA:169,22,0,38
BRDA:169,22,1,8
BRDA:174,23,0,8
BRDA:174,23,1,1
BRDA:181,24,0,8
BRDA:181,24,1,0
BRDA:196,25,0,5
BRDA:196,25,1,33
BRDA:198,26,0,0
BRDA:198,26,1,5
BRDA:203,27,0,0
BRDA:203,27,1,0
BRDA:203,28,0,0
BRDA:203,28,1,0
BRDA:234,29,0,4
BRDA:234,29,1,1
BRDA:247,30,0,38
BRDA:247,30,1,0
BRDA:265,31,0,7
BRDA:265,31,1,0
BRDA:267,32,0,1
BRDA:267,32,1,6
BRDA:267,33,0,7
BRDA:267,33,1,1
BRDA:269,34,0,0
BRDA:269,34,1,1
BRDA:295,35,0,0
BRDA:295,35,1,0
BRDA:299,36,0,0
BRDA:299,36,1,0
BRDA:301,37,0,0
BRDA:301,37,1,0
BRF:75
BRH:36
end_of_record
TN:
SF:utils/aiClient.js
FN:5,(anonymous_0)
FN:44,(anonymous_1)
FN:48,generate
FNF:3
FNH:1
FNDA:0,(anonymous_0)
FNDA:0,(anonymous_1)
FNDA:5,generate
DA:1,2
DA:2,2
DA:3,2
DA:5,2
DA:44,2
DA:45,0
DA:49,5
DA:51,5
DA:53,5
DA:54,5
DA:55,0
DA:59,5
DA:63,5
DA:66,5
DA:77,2
DA:79,3
DA:82,3
DA:90,3
DA:91,1
DA:92,1
DA:93,2
DA:94,1
DA:95,1
DA:96,1
DA:97,1
DA:98,1
DA:99,1
DA:100,1
DA:101,0
DA:102,0
DA:103,0
DA:104,0
DA:107,3
DA:111,2
LF:34
LH:28
BRDA:54,0,0,0
BRDA:54,0,1,5
BRDA:85,1,0,3
BRDA:85,1,1,0
BRDA:90,2,0,1
BRDA:90,2,1,2
BRDA:93,3,0,1
BRDA:93,3,1,1
BRDA:97,4,0,1
BRDA:97,4,1,0
BRDA:101,5,0,0
BRDA:101,5,1,0
BRF:12
BRH:7
end_of_record
